com.hrm.scripts.LoginLogoutTest 2017-03-26 15:19:04,571 com.hrm.base.BaseTest.initFrameWork(BaseTest.java:55) Initializing ExtentReport 
com.hrm.scripts.LoginLogoutTest 2017-03-26 15:19:04,883 com.hrm.base.BaseTest.initFrameWork(BaseTest.java:60) Initialize Global Variables 
com.hrm.scripts.LoginLogoutTest 2017-03-26 15:19:04,910 com.hrm.base.BaseTest.initApplication(BaseTest.java:85) Opening Browser:chrome 
com.hrm.scripts.LoginLogoutTest 2017-03-26 15:19:14,773 com.hrm.base.BaseTest.preCondition(BaseTest.java:106) Auto login 
com.hrm.scripts.LoginLogoutTest 2017-03-26 15:19:17,235 com.hrm.base.BaseTest.preCondition(BaseTest.java:110) Started executing test:testAutoLoginLogout1 
com.hrm.scripts.LoginLogoutTest 2017-03-26 15:19:17,265 com.hrm.scripts.LoginLogoutTest.testAutoLoginLogout1(LoginLogoutTest.java:10) This script will automatically login and logout1 
com.hrm.scripts.LoginLogoutTest 2017-03-26 15:19:17,281 com.hrm.base.BaseTest.postCondition(BaseTest.java:125) Test is PASSED 
com.hrm.scripts.LoginLogoutTest 2017-03-26 15:19:17,281 com.hrm.base.BaseTest.postCondition(BaseTest.java:128) Auto logout 
com.hrm.scripts.LoginLogoutTest 2017-03-26 15:19:18,093 com.hrm.base.BaseTest.closeApplication(BaseTest.java:98) Closing Browser 
com.hrm.scripts.LoginLogoutTest 2017-03-26 15:19:19,854 com.hrm.base.BaseTest.publishReport(BaseTest.java:72) Publishing ExtentReport:./report/26_03_2017_03_19_04.html 
com.hrm.scripts.LoginLogoutTest 2017-03-26 16:17:01,280 com.hrm.base.BaseTest.initFrameWork(BaseTest.java:55) Initializing ExtentReport 
com.hrm.scripts.LoginLogoutTest 2017-03-26 16:17:01,498 com.hrm.base.BaseTest.initFrameWork(BaseTest.java:60) Initialize Global Variables 
com.hrm.scripts.LoginLogoutTest 2017-03-26 16:17:01,508 com.hrm.base.BaseTest.initApplication(BaseTest.java:85) Opening Browser:chrome 
com.hrm.scripts.LoginLogoutTest 2017-03-26 16:17:06,604 com.hrm.base.BaseTest.preCondition(BaseTest.java:106) Auto login 
com.hrm.scripts.LoginLogoutTest 2017-03-26 16:17:07,009 com.hrm.base.BaseTest.preCondition(BaseTest.java:110) Started executing test:testAutoLoginLogout1 
com.hrm.scripts.LoginLogoutTest 2017-03-26 16:17:07,017 com.hrm.scripts.LoginLogoutTest.testAutoLoginLogout1(LoginLogoutTest.java:10) This script will automatically login and logout1 
com.hrm.scripts.LoginLogoutTest 2017-03-26 16:17:07,021 com.hrm.base.BaseTest.postCondition(BaseTest.java:125) Test is PASSED 
com.hrm.scripts.LoginLogoutTest 2017-03-26 16:17:07,021 com.hrm.base.BaseTest.postCondition(BaseTest.java:128) Auto logout 
com.hrm.scripts.LoginLogoutTest 2017-03-26 16:17:09,685 com.hrm.base.BaseTest.closeApplication(BaseTest.java:98) Closing Browser 
com.hrm.scripts.LoginLogoutTest 2017-03-26 16:17:11,009 com.hrm.base.BaseTest.initApplication(BaseTest.java:85) Opening Browser:firefox 
com.hrm.scripts.LoginLogoutTest 2017-03-26 16:17:52,647 com.hrm.base.BaseTest.initFrameWork(BaseTest.java:55) Initializing ExtentReport 
com.hrm.scripts.LoginLogoutTest 2017-03-26 16:17:52,866 com.hrm.base.BaseTest.initFrameWork(BaseTest.java:60) Initialize Global Variables 
com.hrm.scripts.LoginLogoutTest 2017-03-26 16:17:52,870 com.hrm.base.BaseTest.initApplication(BaseTest.java:85) Opening Browser:chrome 
com.hrm.scripts.LoginLogoutTest 2017-03-26 16:17:57,820 com.hrm.base.BaseTest.preCondition(BaseTest.java:106) Auto login 
com.hrm.scripts.LoginLogoutTest 2017-03-26 16:17:59,894 com.hrm.base.BaseTest.preCondition(BaseTest.java:110) Started executing test:testAutoLoginLogout1 
com.hrm.scripts.LoginLogoutTest 2017-03-26 16:17:59,909 com.hrm.scripts.LoginLogoutTest.testAutoLoginLogout1(LoginLogoutTest.java:10) This script will automatically login and logout1 
com.hrm.scripts.LoginLogoutTest 2017-03-26 16:17:59,914 com.hrm.base.BaseTest.postCondition(BaseTest.java:125) Test is PASSED 
com.hrm.scripts.LoginLogoutTest 2017-03-26 16:17:59,915 com.hrm.base.BaseTest.postCondition(BaseTest.java:128) Auto logout 
com.hrm.scripts.LoginLogoutTest 2017-03-26 16:18:00,678 com.hrm.base.BaseTest.closeApplication(BaseTest.java:98) Closing Browser 
com.hrm.scripts.LoginLogoutTest 2017-03-26 16:18:01,807 com.hrm.base.BaseTest.initApplication(BaseTest.java:85) Opening Browser:firefox 
com.hrm.scripts.LoginLogoutTest 2017-03-26 17:58:12,468 com.hrm.base.BaseTest.initFrameWork(BaseTest.java:55) Initializing ExtentReport 
com.hrm.scripts.LoginLogoutTest 2017-03-26 17:58:12,687 com.hrm.base.BaseTest.initFrameWork(BaseTest.java:60) Initialize Global Variables 
com.hrm.scripts.LoginLogoutTest 2017-03-26 17:58:12,765 com.hrm.base.BaseTest.initApplication(BaseTest.java:85) Opening Browser:firefox 
com.hrm.scripts.LoginLogoutTest 2017-03-26 17:58:12,765 com.hrm.base.BaseTest.initApplication(BaseTest.java:85) Opening Browser:chrome 
com.hrm.scripts.LoginLogoutTest 2017-03-26 17:58:18,462 com.hrm.base.BaseTest.preCondition(BaseTest.java:110) Started executing test:testAutoLoginLogout1 
com.hrm.scripts.LoginLogoutTest 2017-03-26 17:58:18,473 com.hrm.scripts.LoginLogoutTest.testAutoLoginLogout1(LoginLogoutTest.java:19) This script will automatically login and logout1 
com.hrm.scripts.LoginLogoutTest 2017-03-26 17:58:18,477 com.hrm.base.BaseTest.postCondition(BaseTest.java:125) Test is PASSED 
com.hrm.scripts.LoginLogoutTest 2017-03-26 17:58:18,482 com.hrm.base.BaseTest.closeApplication(BaseTest.java:98) Closing Browser 
com.hrm.scripts.LoginLogoutTest 2017-03-26 17:59:36,128 com.hrm.base.BaseTest.initFrameWork(BaseTest.java:56) Initializing ExtentReport 
com.hrm.scripts.LoginLogoutTest 2017-03-26 17:59:36,378 com.hrm.base.BaseTest.initFrameWork(BaseTest.java:61) Initialize Global Variables 
com.hrm.scripts.LoginLogoutTest 2017-03-26 17:59:36,397 com.hrm.base.BaseTest.initApplication(BaseTest.java:86) Opening Browser:firefox 
com.hrm.scripts.LoginLogoutTest 2017-03-26 17:59:36,397 com.hrm.base.BaseTest.initApplication(BaseTest.java:86) Opening Browser:chrome 
com.hrm.scripts.LoginLogoutTest 2017-03-26 17:59:48,103 com.hrm.base.BaseTest.preCondition(BaseTest.java:112) Started executing test:testAutoLoginLogout1 
com.hrm.scripts.LoginLogoutTest 2017-03-26 17:59:48,114 com.hrm.scripts.LoginLogoutTest.testAutoLoginLogout1(LoginLogoutTest.java:19) This script will automatically login and logout1 
com.hrm.scripts.LoginLogoutTest 2017-03-26 17:59:48,133 com.hrm.base.BaseTest.postCondition(BaseTest.java:127) Test is PASSED 
com.hrm.scripts.LoginLogoutTest 2017-03-26 17:59:48,137 com.hrm.base.BaseTest.closeApplication(BaseTest.java:99) Closing Browser 
com.hrm.scripts.LoginLogoutTest 2017-03-26 18:00:10,494 com.hrm.base.BaseTest.initFrameWork(BaseTest.java:56) Initializing ExtentReport 
com.hrm.scripts.LoginLogoutTest 2017-03-26 18:00:10,697 com.hrm.base.BaseTest.initFrameWork(BaseTest.java:61) Initialize Global Variables 
com.hrm.scripts.LoginLogoutTest 2017-03-26 18:00:10,708 com.hrm.base.BaseTest.initApplication(BaseTest.java:86) Opening Browser:chrome 
com.hrm.scripts.LoginLogoutTest 2017-03-26 18:00:20,943 com.hrm.base.BaseTest.preCondition(BaseTest.java:112) Started executing test:testAutoLoginLogout1 
com.hrm.scripts.LoginLogoutTest 2017-03-26 18:00:20,953 com.hrm.scripts.LoginLogoutTest.testAutoLoginLogout1(LoginLogoutTest.java:19) This script will automatically login and logout1 
com.hrm.scripts.LoginLogoutTest 2017-03-26 18:00:20,969 com.hrm.base.BaseTest.postCondition(BaseTest.java:127) Test is PASSED 
com.hrm.scripts.LoginLogoutTest 2017-03-26 18:00:20,969 com.hrm.base.BaseTest.closeApplication(BaseTest.java:99) Closing Browser 
com.hrm.scripts.LoginLogoutTest 2017-03-26 18:00:22,094 com.hrm.base.BaseTest.initApplication(BaseTest.java:86) Opening Browser:firefox 
com.hrm.scripts.TestSearchButton 2017-04-01 17:25:58,828 com.hrm.base.BaseTest.initFrameWork(BaseTest.java:56) Initializing ExtentReport 
com.hrm.scripts.TestSearchButton 2017-04-01 17:25:59,062 com.hrm.base.BaseTest.initFrameWork(BaseTest.java:61) Initialize Global Variables 
com.hrm.scripts.TestSearchButton 2017-04-01 17:25:59,078 com.hrm.base.BaseTest.initApplication(BaseTest.java:86) Opening Browser:chrome 
com.hrm.scripts.TestSearchButton 2017-04-01 17:26:13,649 com.hrm.base.BaseTest.preCondition(BaseTest.java:108) Auto login 
com.hrm.scripts.TestSearchButton 2017-04-01 17:26:16,744 com.hrm.base.BaseTest.preCondition(BaseTest.java:112) Started executing test:testSearchButton 
com.hrm.pages.EmpInfoPage 2017-04-01 17:26:22,898 com.hrm.base.BasePage.checkElementIsPresent(BasePage.java:42) PASS:Element is present 
com.hrm.scripts.TestSearchButton 2017-04-01 17:26:22,901 com.hrm.base.BaseTest.postCondition(BaseTest.java:127) Test is PASSED 
com.hrm.scripts.TestSearchButton 2017-04-01 17:26:22,902 com.hrm.base.BaseTest.postCondition(BaseTest.java:130) Auto logout 
com.hrm.scripts.TestSearchButton 2017-04-01 17:26:23,431 com.hrm.base.BaseTest.closeApplication(BaseTest.java:99) Closing Browser 
com.hrm.scripts.TestSearchButton 2017-04-01 17:26:26,041 com.hrm.base.BaseTest.publishReport(BaseTest.java:73) Publishing ExtentReport:./report/01_04_2017_05_25_58.html 
com.hrm.scripts.TestLoginButton 2017-04-01 18:12:15,330 com.hrm.base.BaseTest.initFrameWork(BaseTest.java:56) Initializing ExtentReport 
com.hrm.scripts.TestLoginButton 2017-04-01 18:12:15,580 com.hrm.base.BaseTest.initFrameWork(BaseTest.java:61) Initialize Global Variables 
com.hrm.scripts.TestLoginButton 2017-04-01 18:12:15,589 com.hrm.base.BaseTest.initApplication(BaseTest.java:86) Opening Browser:chrome 
com.hrm.scripts.TestLoginButton 2017-04-01 18:12:25,615 com.hrm.base.BaseTest.preCondition(BaseTest.java:112) Started executing test:testLoginButton 
com.hrm.pages.LoginPage 2017-04-01 18:12:25,734 com.hrm.base.BasePage.checkElementIsPresent(BasePage.java:42) PASS:Element is present 
com.hrm.scripts.TestLoginButton 2017-04-01 18:12:25,734 com.hrm.base.BaseTest.postCondition(BaseTest.java:127) Test is PASSED 
com.hrm.scripts.TestLoginButton 2017-04-01 18:12:25,750 com.hrm.base.BaseTest.closeApplication(BaseTest.java:99) Closing Browser 
com.hrm.scripts.TestLoginButton 2017-04-01 18:12:26,905 com.hrm.base.BaseTest.publishReport(BaseTest.java:73) Publishing ExtentReport:./report/01_04_2017_06_12_15.html 
com.hrm.scripts.AddDeleteEmployee 2017-04-02 11:40:33,141 com.hrm.base.BaseTest.initFrameWork(BaseTest.java:56) Initializing ExtentReport 
com.hrm.scripts.AddDeleteEmployee 2017-04-02 11:40:33,156 com.hrm.base.BaseTest.initFrameWork(BaseTest.java:56) Initializing ExtentReport 
com.hrm.scripts.AddDeleteEmployee 2017-04-02 11:40:33,484 com.hrm.base.BaseTest.initFrameWork(BaseTest.java:61) Initialize Global Variables 
com.hrm.scripts.AddDeleteEmployee 2017-04-02 11:40:33,500 com.hrm.base.BaseTest.initFrameWork(BaseTest.java:61) Initialize Global Variables 
com.hrm.scripts.AddDeleteEmployee 2017-04-02 11:40:33,531 com.hrm.base.BaseTest.initApplication(BaseTest.java:86) Opening Browser:chrome 
com.hrm.scripts.AddDeleteEmployee 2017-04-02 11:40:33,531 com.hrm.base.BaseTest.initApplication(BaseTest.java:86) Opening Browser:chrome 
com.hrm.scripts.AddDeleteEmployee 2017-04-02 11:40:57,375 com.hrm.base.BaseTest.preCondition(BaseTest.java:108) Auto login 
com.hrm.scripts.AddDeleteEmployee 2017-04-02 11:40:57,375 com.hrm.base.BaseTest.preCondition(BaseTest.java:108) Auto login 
com.hrm.scripts.AddDeleteEmployee 2017-04-02 11:41:02,195 com.hrm.base.BaseTest.preCondition(BaseTest.java:112) Started executing test:testAddDeleteEmp 
com.hrm.scripts.AddDeleteEmployee 2017-04-02 11:41:04,165 com.hrm.base.BaseTest.preCondition(BaseTest.java:112) Started executing test:testAddDeleteEmp 
com.hrm.scripts.AddDeleteEmployee 2017-04-02 11:41:21,807 com.hrm.base.BaseTest.postCondition(BaseTest.java:122) Test is FAILED 
com.hrm.scripts.AddDeleteEmployee 2017-04-02 11:41:21,807 com.hrm.base.BaseTest.postCondition(BaseTest.java:130) Auto logout 
com.hrm.scripts.AddDeleteEmployee 2017-04-02 11:41:28,744 com.hrm.base.BaseTest.postCondition(BaseTest.java:122) Test is FAILED 
com.hrm.scripts.AddDeleteEmployee 2017-04-02 11:41:28,744 com.hrm.base.BaseTest.postCondition(BaseTest.java:130) Auto logout 
com.hrm.scripts.AddDeleteEmployee 2017-04-02 11:41:29,407 com.hrm.base.BaseTest.closeApplication(BaseTest.java:99) Closing Browser 
com.hrm.scripts.AddDeleteEmployee 2017-04-02 11:41:32,861 com.hrm.base.BaseTest.publishReport(BaseTest.java:73) Publishing ExtentReport:./report/02_04_2017_11_40_33.html 
com.hrm.scripts.AddDeleteEmployee 2017-04-02 11:42:40,175 com.hrm.base.BaseTest.initFrameWork(BaseTest.java:56) Initializing ExtentReport 
com.hrm.scripts.AddDeleteEmployee 2017-04-02 11:42:40,394 com.hrm.base.BaseTest.initFrameWork(BaseTest.java:61) Initialize Global Variables 
com.hrm.scripts.AddDeleteEmployee 2017-04-02 11:42:40,408 com.hrm.base.BaseTest.initApplication(BaseTest.java:86) Opening Browser:chrome 
com.hrm.scripts.AddDeleteEmployee 2017-04-02 11:42:51,478 com.hrm.base.BaseTest.preCondition(BaseTest.java:108) Auto login 
com.hrm.scripts.AddDeleteEmployee 2017-04-02 11:42:53,606 com.hrm.base.BaseTest.preCondition(BaseTest.java:112) Started executing test:testAddDeleteEmp 
com.hrm.scripts.AddDeleteEmployee 2017-04-02 11:43:18,522 com.hrm.base.BaseTest.postCondition(BaseTest.java:122) Test is FAILED 
com.hrm.scripts.AddDeleteEmployee 2017-04-02 11:43:18,522 com.hrm.base.BaseTest.postCondition(BaseTest.java:130) Auto logout 
com.hrm.scripts.AddDeleteEmployee 2017-04-02 11:43:19,224 com.hrm.base.BaseTest.closeApplication(BaseTest.java:99) Closing Browser 
com.hrm.scripts.AddDeleteEmployee 2017-04-02 11:43:20,300 com.hrm.base.BaseTest.publishReport(BaseTest.java:73) Publishing ExtentReport:./report/02_04_2017_11_42_40.html 
com.hrm.scripts.AddDeleteEmployee 2017-04-02 12:09:46,652 com.hrm.base.BaseTest.initFrameWork(BaseTest.java:56) Initializing ExtentReport 
com.hrm.scripts.AddDeleteEmployee 2017-04-02 12:09:47,027 com.hrm.base.BaseTest.initFrameWork(BaseTest.java:61) Initialize Global Variables 
com.hrm.scripts.AddDeleteEmployee 2017-04-02 12:09:47,035 com.hrm.base.BaseTest.initApplication(BaseTest.java:86) Opening Browser:chrome 
com.hrm.scripts.AddDeleteEmployee 2017-04-02 12:09:58,225 com.hrm.base.BaseTest.preCondition(BaseTest.java:108) Auto login 
com.hrm.scripts.AddDeleteEmployee 2017-04-02 12:10:00,813 com.hrm.base.BaseTest.preCondition(BaseTest.java:112) Started executing test:testAddDeleteEmp 
com.hrm.scripts.AddDeleteEmployee 2017-04-02 12:10:06,114 com.hrm.base.BaseTest.postCondition(BaseTest.java:122) Test is FAILED 
com.hrm.scripts.AddDeleteEmployee 2017-04-02 12:10:06,114 com.hrm.base.BaseTest.postCondition(BaseTest.java:130) Auto logout 
com.hrm.scripts.AddDeleteEmployee 2017-04-02 12:10:06,726 com.hrm.base.BaseTest.closeApplication(BaseTest.java:99) Closing Browser 
com.hrm.scripts.AddDeleteEmployee 2017-04-02 12:10:07,976 com.hrm.base.BaseTest.publishReport(BaseTest.java:73) Publishing ExtentReport:./report/02_04_2017_12_09_46.html 
com.hrm.scripts.AddDeleteEmployee 2017-04-02 12:11:37,427 com.hrm.base.BaseTest.initFrameWork(BaseTest.java:56) Initializing ExtentReport 
com.hrm.scripts.AddDeleteEmployee 2017-04-02 12:11:37,646 com.hrm.base.BaseTest.initFrameWork(BaseTest.java:61) Initialize Global Variables 
com.hrm.scripts.AddDeleteEmployee 2017-04-02 12:11:37,658 com.hrm.base.BaseTest.initApplication(BaseTest.java:86) Opening Browser:chrome 
com.hrm.scripts.AddDeleteEmployee 2017-04-02 12:11:47,256 com.hrm.base.BaseTest.preCondition(BaseTest.java:108) Auto login 
com.hrm.scripts.AddDeleteEmployee 2017-04-02 12:11:49,809 com.hrm.base.BaseTest.preCondition(BaseTest.java:112) Started executing test:testAddDeleteEmp 
com.hrm.scripts.AddDeleteEmployee 2017-04-02 12:12:14,489 com.hrm.base.BaseTest.postCondition(BaseTest.java:122) Test is FAILED 
com.hrm.scripts.AddDeleteEmployee 2017-04-02 12:12:14,489 com.hrm.base.BaseTest.postCondition(BaseTest.java:130) Auto logout 
com.hrm.scripts.AddDeleteEmployee 2017-04-02 12:12:15,275 com.hrm.base.BaseTest.closeApplication(BaseTest.java:99) Closing Browser 
com.hrm.scripts.AddDeleteEmployee 2017-04-02 12:12:16,488 com.hrm.base.BaseTest.publishReport(BaseTest.java:73) Publishing ExtentReport:./report/02_04_2017_12_11_37.html 
com.hrm.scripts.AddDeleteEmployee 2017-04-02 12:17:26,142 com.hrm.base.BaseTest.initFrameWork(BaseTest.java:56) Initializing ExtentReport 
com.hrm.scripts.AddDeleteEmployee 2017-04-02 12:17:26,361 com.hrm.base.BaseTest.initFrameWork(BaseTest.java:61) Initialize Global Variables 
com.hrm.scripts.AddDeleteEmployee 2017-04-02 12:17:26,377 com.hrm.base.BaseTest.initApplication(BaseTest.java:86) Opening Browser:chrome 
com.hrm.scripts.AddDeleteEmployee 2017-04-02 12:17:35,924 com.hrm.base.BaseTest.preCondition(BaseTest.java:108) Auto login 
com.hrm.scripts.AddDeleteEmployee 2017-04-02 12:17:38,628 com.hrm.base.BaseTest.preCondition(BaseTest.java:112) Started executing test:testAddDeleteEmp 
com.hrm.scripts.AddDeleteEmployee 2017-04-02 12:17:43,129 com.hrm.base.BaseTest.postCondition(BaseTest.java:122) Test is FAILED 
com.hrm.scripts.AddDeleteEmployee 2017-04-02 12:17:43,129 com.hrm.base.BaseTest.postCondition(BaseTest.java:130) Auto logout 
com.hrm.scripts.AddDeleteEmployee 2017-04-02 12:17:43,614 com.hrm.base.BaseTest.closeApplication(BaseTest.java:99) Closing Browser 
com.hrm.scripts.AddDeleteEmployee 2017-04-02 12:17:44,834 com.hrm.base.BaseTest.publishReport(BaseTest.java:73) Publishing ExtentReport:./report/02_04_2017_12_17_26.html 
com.hrm.scripts.TestAddDeleteEmployee 2017-04-02 12:26:47,259 com.hrm.base.BaseTest.initFrameWork(BaseTest.java:56) Initializing ExtentReport 
com.hrm.scripts.TestAddDeleteEmployee 2017-04-02 12:26:47,478 com.hrm.base.BaseTest.initFrameWork(BaseTest.java:61) Initialize Global Variables 
com.hrm.scripts.TestAddDeleteEmployee 2017-04-02 12:26:47,494 com.hrm.base.BaseTest.initApplication(BaseTest.java:86) Opening Browser:chrome 
com.hrm.scripts.TestAddDeleteEmployee 2017-04-02 12:26:57,499 com.hrm.base.BaseTest.preCondition(BaseTest.java:108) Auto login 
com.hrm.scripts.TestAddDeleteEmployee 2017-04-02 12:26:59,838 com.hrm.base.BaseTest.preCondition(BaseTest.java:112) Started executing test:testAddDeleteEmp 
com.hrm.scripts.TestAddDeleteEmployee 2017-04-02 12:27:04,572 com.hrm.base.BaseTest.postCondition(BaseTest.java:122) Test is FAILED 
com.hrm.scripts.TestAddDeleteEmployee 2017-04-02 12:27:04,588 com.hrm.base.BaseTest.postCondition(BaseTest.java:130) Auto logout 
com.hrm.scripts.TestAddDeleteEmployee 2017-04-02 12:27:05,083 com.hrm.base.BaseTest.closeApplication(BaseTest.java:99) Closing Browser 
com.hrm.scripts.TestAddDeleteEmployee 2017-04-02 12:27:06,161 com.hrm.base.BaseTest.publishReport(BaseTest.java:73) Publishing ExtentReport:./report/02_04_2017_12_26_47.html 
com.hrm.scripts.TestAddDeleteEmployee 2017-04-02 12:31:52,730 com.hrm.base.BaseTest.initFrameWork(BaseTest.java:56) Initializing ExtentReport 
com.hrm.scripts.TestAddDeleteEmployee 2017-04-02 12:31:52,949 com.hrm.base.BaseTest.initFrameWork(BaseTest.java:61) Initialize Global Variables 
com.hrm.scripts.TestAddDeleteEmployee 2017-04-02 12:31:52,964 com.hrm.base.BaseTest.initApplication(BaseTest.java:86) Opening Browser:chrome 
com.hrm.scripts.TestAddDeleteEmployee 2017-04-02 12:32:02,767 com.hrm.base.BaseTest.preCondition(BaseTest.java:108) Auto login 
com.hrm.scripts.TestAddDeleteEmployee 2017-04-02 12:32:05,323 com.hrm.base.BaseTest.preCondition(BaseTest.java:112) Started executing test:testAddDeleteEmp 
com.hrm.scripts.TestAddDeleteEmployee 2017-04-02 12:32:10,178 com.hrm.base.BaseTest.postCondition(BaseTest.java:122) Test is FAILED 
com.hrm.scripts.TestAddDeleteEmployee 2017-04-02 12:32:10,178 com.hrm.base.BaseTest.postCondition(BaseTest.java:130) Auto logout 
com.hrm.scripts.TestAddDeleteEmployee 2017-04-02 12:32:10,683 com.hrm.base.BaseTest.closeApplication(BaseTest.java:99) Closing Browser 
com.hrm.scripts.TestAddDeleteEmployee 2017-04-02 12:32:11,813 com.hrm.base.BaseTest.publishReport(BaseTest.java:73) Publishing ExtentReport:./report/02_04_2017_12_31_52.html 
com.hrm.scripts.TestAddDeleteEmployee 2017-04-02 12:33:19,326 com.hrm.base.BaseTest.initFrameWork(BaseTest.java:56) Initializing ExtentReport 
com.hrm.scripts.TestAddDeleteEmployee 2017-04-02 12:33:19,545 com.hrm.base.BaseTest.initFrameWork(BaseTest.java:61) Initialize Global Variables 
com.hrm.scripts.TestAddDeleteEmployee 2017-04-02 12:33:19,557 com.hrm.base.BaseTest.initApplication(BaseTest.java:86) Opening Browser:chrome 
com.hrm.scripts.TestAddDeleteEmployee 2017-04-02 12:33:29,885 com.hrm.base.BaseTest.preCondition(BaseTest.java:108) Auto login 
com.hrm.scripts.TestAddDeleteEmployee 2017-04-02 12:33:31,983 com.hrm.base.BaseTest.preCondition(BaseTest.java:112) Started executing test:testAddDeleteEmp 
com.hrm.scripts.TestAddDeleteEmployee 2017-04-02 12:33:36,720 com.hrm.base.BaseTest.postCondition(BaseTest.java:122) Test is FAILED 
com.hrm.scripts.TestAddDeleteEmployee 2017-04-02 12:33:36,720 com.hrm.base.BaseTest.postCondition(BaseTest.java:130) Auto logout 
com.hrm.scripts.TestAddDeleteEmployee 2017-04-02 12:33:37,529 com.hrm.base.BaseTest.closeApplication(BaseTest.java:99) Closing Browser 
com.hrm.scripts.TestAddDeleteEmployee 2017-04-02 12:33:38,699 com.hrm.base.BaseTest.publishReport(BaseTest.java:73) Publishing ExtentReport:./report/02_04_2017_12_33_19.html 
com.hrm.scripts.TestAddDeleteEmployee 2017-04-02 12:38:10,123 com.hrm.base.BaseTest.initFrameWork(BaseTest.java:56) Initializing ExtentReport 
com.hrm.scripts.TestAddDeleteEmployee 2017-04-02 12:38:10,451 com.hrm.base.BaseTest.initFrameWork(BaseTest.java:61) Initialize Global Variables 
com.hrm.scripts.TestAddDeleteEmployee 2017-04-02 12:38:10,451 com.hrm.base.BaseTest.initApplication(BaseTest.java:86) Opening Browser:chrome 
com.hrm.scripts.TestAddDeleteEmployee 2017-04-02 12:38:20,555 com.hrm.base.BaseTest.preCondition(BaseTest.java:108) Auto login 
com.hrm.scripts.TestAddDeleteEmployee 2017-04-02 12:38:22,971 com.hrm.base.BaseTest.preCondition(BaseTest.java:112) Started executing test:testAddDeleteEmp 
com.hrm.scripts.TestAddDeleteEmployee 2017-04-02 12:38:27,457 com.hrm.base.BaseTest.postCondition(BaseTest.java:122) Test is FAILED 
com.hrm.scripts.TestAddDeleteEmployee 2017-04-02 12:38:27,457 com.hrm.base.BaseTest.postCondition(BaseTest.java:130) Auto logout 
com.hrm.scripts.TestAddDeleteEmployee 2017-04-02 12:38:28,164 com.hrm.base.BaseTest.closeApplication(BaseTest.java:99) Closing Browser 
com.hrm.scripts.TestAddDeleteEmployee 2017-04-02 12:38:29,298 com.hrm.base.BaseTest.publishReport(BaseTest.java:73) Publishing ExtentReport:./report/02_04_2017_12_38_10.html 
com.hrm.scripts.TestAddDeleteEmployee 2017-04-02 12:42:35,245 com.hrm.base.BaseTest.initFrameWork(BaseTest.java:56) Initializing ExtentReport 
com.hrm.scripts.TestAddDeleteEmployee 2017-04-02 12:42:35,495 com.hrm.base.BaseTest.initFrameWork(BaseTest.java:61) Initialize Global Variables 
com.hrm.scripts.TestAddDeleteEmployee 2017-04-02 12:42:35,499 com.hrm.base.BaseTest.initApplication(BaseTest.java:86) Opening Browser:chrome 
com.hrm.scripts.TestAddDeleteEmployee 2017-04-02 12:42:45,107 com.hrm.base.BaseTest.preCondition(BaseTest.java:108) Auto login 
com.hrm.scripts.TestAddDeleteEmployee 2017-04-02 12:42:47,661 com.hrm.base.BaseTest.preCondition(BaseTest.java:112) Started executing test:testAddDeleteEmp 
com.hrm.scripts.TestAddDeleteEmployee 2017-04-02 12:43:12,844 com.hrm.base.BaseTest.postCondition(BaseTest.java:127) Test is PASSED 
com.hrm.scripts.TestAddDeleteEmployee 2017-04-02 12:43:12,844 com.hrm.base.BaseTest.postCondition(BaseTest.java:130) Auto logout 
com.hrm.scripts.TestAddDeleteEmployee 2017-04-02 12:43:13,558 com.hrm.base.BaseTest.closeApplication(BaseTest.java:99) Closing Browser 
com.hrm.scripts.TestAddDeleteEmployee 2017-04-02 12:43:14,829 com.hrm.base.BaseTest.publishReport(BaseTest.java:73) Publishing ExtentReport:./report/02_04_2017_12_42_35.html 
com.hrm.scripts.TestAddDeleteEmployee 2017-04-02 15:43:26,926 com.hrm.base.BaseTest.initFrameWork(BaseTest.java:56) Initializing ExtentReport 
com.hrm.scripts.TestAddDeleteEmployee 2017-04-02 15:43:27,333 com.hrm.base.BaseTest.initFrameWork(BaseTest.java:61) Initialize Global Variables 
com.hrm.scripts.TestAddDeleteEmployee 2017-04-02 15:43:27,348 com.hrm.base.BaseTest.initApplication(BaseTest.java:86) Opening Browser:chrome 
com.hrm.scripts.TestAddDeleteEmployee 2017-04-02 15:43:45,261 com.hrm.base.BaseTest.preCondition(BaseTest.java:108) Auto login 
com.hrm.scripts.TestAddDeleteEmployee 2017-04-02 15:43:47,698 com.hrm.base.BaseTest.preCondition(BaseTest.java:112) Started executing test:testAddDeleteEmp 
com.hrm.scripts.TestAddDeleteEmployee 2017-04-02 15:44:14,446 com.hrm.base.BaseTest.postCondition(BaseTest.java:127) Test is PASSED 
com.hrm.scripts.TestAddDeleteEmployee 2017-04-02 15:44:14,446 com.hrm.base.BaseTest.postCondition(BaseTest.java:130) Auto logout 
com.hrm.scripts.TestAddDeleteEmployee 2017-04-02 15:44:15,038 com.hrm.base.BaseTest.closeApplication(BaseTest.java:99) Closing Browser 
com.hrm.scripts.TestAddDeleteEmployee 2017-04-02 15:44:17,316 com.hrm.base.BaseTest.publishReport(BaseTest.java:73) Publishing ExtentReport:./report/02_04_2017_03_43_26.html 
com.hrm.scripts.TestAddDeleteEmployee 2017-04-02 17:17:46,773 com.hrm.base.BaseTest.initFrameWork(BaseTest.java:56) Initializing ExtentReport 
com.hrm.scripts.TestAddDeleteEmployee 2017-04-02 17:17:46,992 com.hrm.base.BaseTest.initFrameWork(BaseTest.java:61) Initialize Global Variables 
com.hrm.scripts.TestAddDeleteEmployee 2017-04-02 17:17:46,998 com.hrm.base.BaseTest.initApplication(BaseTest.java:86) Opening Browser:chrome 
com.hrm.scripts.TestAddDeleteEmployee 2017-04-02 17:17:59,193 com.hrm.base.BaseTest.preCondition(BaseTest.java:108) Auto login 
com.hrm.scripts.TestAddDeleteEmployee 2017-04-02 17:18:01,384 com.hrm.base.BaseTest.preCondition(BaseTest.java:112) Started executing test:testAddDeleteEmp 
com.hrm.scripts.TestAddDeleteEmployee 2017-04-02 17:18:26,142 com.hrm.base.BaseTest.postCondition(BaseTest.java:122) Test is FAILED 
com.hrm.scripts.TestAddDeleteEmployee 2017-04-02 17:18:26,142 com.hrm.base.BaseTest.postCondition(BaseTest.java:130) Auto logout 
com.hrm.scripts.TestAddDeleteEmployee 2017-04-02 17:18:26,858 com.hrm.base.BaseTest.closeApplication(BaseTest.java:99) Closing Browser 
com.hrm.scripts.TestAddDeleteEmployee 2017-04-02 17:18:28,257 com.hrm.base.BaseTest.publishReport(BaseTest.java:73) Publishing ExtentReport:./report/02_04_2017_05_17_46.html 
com.hrm.scripts.TestAddDeleteEmployee 2017-04-02 17:21:04,505 com.hrm.base.BaseTest.initFrameWork(BaseTest.java:56) Initializing ExtentReport 
com.hrm.scripts.TestAddDeleteEmployee 2017-04-02 17:21:04,740 com.hrm.base.BaseTest.initFrameWork(BaseTest.java:61) Initialize Global Variables 
com.hrm.scripts.TestAddDeleteEmployee 2017-04-02 17:21:04,745 com.hrm.base.BaseTest.initApplication(BaseTest.java:86) Opening Browser:chrome 
com.hrm.scripts.TestAddDeleteEmployee 2017-04-02 17:21:16,089 com.hrm.base.BaseTest.preCondition(BaseTest.java:108) Auto login 
com.hrm.scripts.TestAddDeleteEmployee 2017-04-02 17:21:18,735 com.hrm.base.BaseTest.preCondition(BaseTest.java:112) Started executing test:testAddDeleteEmp 
com.hrm.scripts.TestAddDeleteEmployee 2017-04-02 17:21:42,641 com.hrm.base.BaseTest.postCondition(BaseTest.java:122) Test is FAILED 
com.hrm.scripts.TestAddDeleteEmployee 2017-04-02 17:21:42,641 com.hrm.base.BaseTest.postCondition(BaseTest.java:130) Auto logout 
com.hrm.scripts.TestAddDeleteEmployee 2017-04-02 17:21:43,157 com.hrm.base.BaseTest.closeApplication(BaseTest.java:99) Closing Browser 
com.hrm.scripts.TestAddDeleteEmployee 2017-04-02 17:21:44,252 com.hrm.base.BaseTest.publishReport(BaseTest.java:73) Publishing ExtentReport:./report/02_04_2017_05_21_04.html 
com.hrm.scripts.TestAddDeleteEmployee 2017-04-02 17:26:41,306 com.hrm.base.BaseTest.initFrameWork(BaseTest.java:56) Initializing ExtentReport 
com.hrm.scripts.TestAddDeleteEmployee 2017-04-02 17:26:41,509 com.hrm.base.BaseTest.initFrameWork(BaseTest.java:61) Initialize Global Variables 
com.hrm.scripts.TestAddDeleteEmployee 2017-04-02 17:26:41,524 com.hrm.base.BaseTest.initApplication(BaseTest.java:86) Opening Browser:chrome 
com.hrm.scripts.TestAddDeleteEmployee 2017-04-02 17:26:52,101 com.hrm.base.BaseTest.preCondition(BaseTest.java:108) Auto login 
com.hrm.scripts.TestAddDeleteEmployee 2017-04-02 17:26:54,056 com.hrm.base.BaseTest.preCondition(BaseTest.java:112) Started executing test:testAddDeleteEmp 
com.hrm.scripts.TestAddDeleteEmployee 2017-04-02 17:27:18,547 com.hrm.base.BaseTest.postCondition(BaseTest.java:122) Test is FAILED 
com.hrm.scripts.TestAddDeleteEmployee 2017-04-02 17:27:18,547 com.hrm.base.BaseTest.postCondition(BaseTest.java:130) Auto logout 
com.hrm.scripts.TestAddDeleteEmployee 2017-04-02 17:27:19,005 com.hrm.base.BaseTest.closeApplication(BaseTest.java:99) Closing Browser 
com.hrm.scripts.TestAddDeleteEmployee 2017-04-02 17:27:20,280 com.hrm.base.BaseTest.publishReport(BaseTest.java:73) Publishing ExtentReport:./report/02_04_2017_05_26_41.html 
com.hrm.scripts.TestAddDeleteEmployee 2017-04-02 17:30:28,184 com.hrm.base.BaseTest.initFrameWork(BaseTest.java:56) Initializing ExtentReport 
com.hrm.scripts.TestAddDeleteEmployee 2017-04-02 17:30:28,418 com.hrm.base.BaseTest.initFrameWork(BaseTest.java:61) Initialize Global Variables 
com.hrm.scripts.TestAddDeleteEmployee 2017-04-02 17:30:28,428 com.hrm.base.BaseTest.initApplication(BaseTest.java:86) Opening Browser:chrome 
com.hrm.scripts.TestAddDeleteEmployee 2017-04-02 17:30:38,981 com.hrm.base.BaseTest.preCondition(BaseTest.java:108) Auto login 
com.hrm.scripts.TestAddDeleteEmployee 2017-04-02 17:30:41,078 com.hrm.base.BaseTest.preCondition(BaseTest.java:112) Started executing test:testAddDeleteEmp 
com.hrm.scripts.TestAddDeleteEmployee 2017-04-02 17:31:05,866 com.hrm.base.BaseTest.postCondition(BaseTest.java:122) Test is FAILED 
com.hrm.scripts.TestAddDeleteEmployee 2017-04-02 17:31:05,866 com.hrm.base.BaseTest.postCondition(BaseTest.java:130) Auto logout 
com.hrm.scripts.TestAddDeleteEmployee 2017-04-02 17:31:06,346 com.hrm.base.BaseTest.closeApplication(BaseTest.java:99) Closing Browser 
com.hrm.scripts.TestAddDeleteEmployee 2017-04-02 17:31:07,586 com.hrm.base.BaseTest.publishReport(BaseTest.java:73) Publishing ExtentReport:./report/02_04_2017_05_30_28.html 
com.hrm.scripts.TestAddDeleteEmployee 2017-04-02 17:36:18,008 com.hrm.base.BaseTest.initFrameWork(BaseTest.java:56) Initializing ExtentReport 
com.hrm.scripts.TestAddDeleteEmployee 2017-04-02 17:36:18,227 com.hrm.base.BaseTest.initFrameWork(BaseTest.java:61) Initialize Global Variables 
com.hrm.scripts.TestAddDeleteEmployee 2017-04-02 17:36:18,243 com.hrm.base.BaseTest.initApplication(BaseTest.java:86) Opening Browser:chrome 
com.hrm.scripts.TestAddDeleteEmployee 2017-04-02 17:36:29,834 com.hrm.base.BaseTest.preCondition(BaseTest.java:108) Auto login 
com.hrm.scripts.TestAddDeleteEmployee 2017-04-02 17:36:32,977 com.hrm.base.BaseTest.preCondition(BaseTest.java:112) Started executing test:testAddDeleteEmp 
com.hrm.scripts.TestAddDeleteEmployee 2017-04-02 17:36:57,125 com.hrm.base.BaseTest.postCondition(BaseTest.java:122) Test is FAILED 
com.hrm.scripts.TestAddDeleteEmployee 2017-04-02 17:36:57,125 com.hrm.base.BaseTest.postCondition(BaseTest.java:130) Auto logout 
com.hrm.scripts.TestAddDeleteEmployee 2017-04-02 17:36:57,611 com.hrm.base.BaseTest.closeApplication(BaseTest.java:99) Closing Browser 
com.hrm.scripts.TestAddDeleteEmployee 2017-04-02 17:36:58,977 com.hrm.base.BaseTest.publishReport(BaseTest.java:73) Publishing ExtentReport:./report/02_04_2017_05_36_18.html 
com.hrm.scripts.TestAddDeleteEmployee 2017-04-02 17:41:35,444 com.hrm.base.BaseTest.initFrameWork(BaseTest.java:56) Initializing ExtentReport 
com.hrm.scripts.TestAddDeleteEmployee 2017-04-02 17:41:35,741 com.hrm.base.BaseTest.initFrameWork(BaseTest.java:61) Initialize Global Variables 
com.hrm.scripts.TestAddDeleteEmployee 2017-04-02 17:41:35,746 com.hrm.base.BaseTest.initApplication(BaseTest.java:86) Opening Browser:chrome 
com.hrm.scripts.TestAddDeleteEmployee 2017-04-02 17:41:45,760 com.hrm.base.BaseTest.preCondition(BaseTest.java:108) Auto login 
com.hrm.scripts.TestAddDeleteEmployee 2017-04-02 17:41:48,339 com.hrm.base.BaseTest.preCondition(BaseTest.java:112) Started executing test:testAddDeleteEmp 
com.hrm.scripts.TestAddDeleteEmployee 2017-04-02 17:42:12,679 com.hrm.base.BaseTest.postCondition(BaseTest.java:122) Test is FAILED 
com.hrm.scripts.TestAddDeleteEmployee 2017-04-02 17:42:12,679 com.hrm.base.BaseTest.postCondition(BaseTest.java:130) Auto logout 
com.hrm.scripts.TestAddDeleteEmployee 2017-04-02 17:42:13,151 com.hrm.base.BaseTest.closeApplication(BaseTest.java:99) Closing Browser 
com.hrm.scripts.TestAddDeleteEmployee 2017-04-02 17:42:14,479 com.hrm.base.BaseTest.publishReport(BaseTest.java:73) Publishing ExtentReport:./report/02_04_2017_05_41_35.html 
com.hrm.scripts.TestAddDeleteEmployee 2017-04-02 17:44:50,134 com.hrm.base.BaseTest.initFrameWork(BaseTest.java:56) Initializing ExtentReport 
com.hrm.scripts.TestAddDeleteEmployee 2017-04-02 17:44:50,353 com.hrm.base.BaseTest.initFrameWork(BaseTest.java:61) Initialize Global Variables 
com.hrm.scripts.TestAddDeleteEmployee 2017-04-02 17:44:50,368 com.hrm.base.BaseTest.initApplication(BaseTest.java:86) Opening Browser:chrome 
com.hrm.scripts.TestAddDeleteEmployee 2017-04-02 17:45:00,362 com.hrm.base.BaseTest.preCondition(BaseTest.java:108) Auto login 
com.hrm.scripts.TestAddDeleteEmployee 2017-04-02 17:45:03,169 com.hrm.base.BaseTest.preCondition(BaseTest.java:112) Started executing test:testAddDeleteEmp 
com.hrm.scripts.TestAddDeleteEmployee 2017-04-02 17:45:27,003 com.hrm.base.BaseTest.postCondition(BaseTest.java:122) Test is FAILED 
com.hrm.scripts.TestAddDeleteEmployee 2017-04-02 17:45:27,003 com.hrm.base.BaseTest.postCondition(BaseTest.java:130) Auto logout 
com.hrm.scripts.TestAddDeleteEmployee 2017-04-02 17:45:27,526 com.hrm.base.BaseTest.closeApplication(BaseTest.java:99) Closing Browser 
com.hrm.scripts.TestAddDeleteEmployee 2017-04-02 17:45:28,821 com.hrm.base.BaseTest.publishReport(BaseTest.java:73) Publishing ExtentReport:./report/02_04_2017_05_44_50.html 
com.hrm.scripts.Test1 2017-04-03 08:14:09,848 com.hrm.base.BaseTest.initFrameWork(BaseTest.java:56) Initializing ExtentReport 
com.hrm.scripts.Test1 2017-04-03 08:14:10,083 com.hrm.base.BaseTest.initFrameWork(BaseTest.java:61) Initialize Global Variables 
com.hrm.scripts.Test1 2017-04-03 08:14:10,085 com.hrm.base.BaseTest.initApplication(BaseTest.java:86) Opening Browser:chrome 
com.hrm.scripts.Test1 2017-04-03 08:14:22,062 com.hrm.base.BaseTest.preCondition(BaseTest.java:108) Auto login 
com.hrm.scripts.Test1 2017-04-03 08:14:24,176 com.hrm.base.BaseTest.preCondition(BaseTest.java:112) Started executing test:testing 
com.hrm.scripts.Test1 2017-04-03 08:14:26,790 com.hrm.base.BaseTest.postCondition(BaseTest.java:127) Test is PASSED 
com.hrm.scripts.Test1 2017-04-03 08:14:26,790 com.hrm.base.BaseTest.postCondition(BaseTest.java:130) Auto logout 
com.hrm.scripts.Test1 2017-04-03 08:14:27,289 com.hrm.base.BaseTest.closeApplication(BaseTest.java:99) Closing Browser 
com.hrm.scripts.Test1 2017-04-03 08:14:28,372 com.hrm.base.BaseTest.publishReport(BaseTest.java:73) Publishing ExtentReport:./report/03_04_2017_08_14_09.html 
com.hrm.scripts.TestAddDeleteEmployee 2017-04-03 08:16:42,290 com.hrm.base.BaseTest.initFrameWork(BaseTest.java:56) Initializing ExtentReport 
com.hrm.scripts.TestAddDeleteEmployee 2017-04-03 08:16:42,555 com.hrm.base.BaseTest.initFrameWork(BaseTest.java:61) Initialize Global Variables 
com.hrm.scripts.TestAddDeleteEmployee 2017-04-03 08:16:42,560 com.hrm.base.BaseTest.initApplication(BaseTest.java:86) Opening Browser:chrome 
com.hrm.scripts.TestAddDeleteEmployee 2017-04-03 08:16:52,901 com.hrm.base.BaseTest.preCondition(BaseTest.java:108) Auto login 
com.hrm.scripts.TestAddDeleteEmployee 2017-04-03 08:16:55,032 com.hrm.base.BaseTest.preCondition(BaseTest.java:112) Started executing test:testAddDeleteEmp 
com.hrm.scripts.TestAddDeleteEmployee 2017-04-03 08:17:19,043 com.hrm.base.BaseTest.postCondition(BaseTest.java:122) Test is FAILED 
com.hrm.scripts.TestAddDeleteEmployee 2017-04-03 08:17:19,059 com.hrm.base.BaseTest.postCondition(BaseTest.java:130) Auto logout 
com.hrm.scripts.TestAddDeleteEmployee 2017-04-03 08:17:19,540 com.hrm.base.BaseTest.closeApplication(BaseTest.java:99) Closing Browser 
com.hrm.scripts.TestAddDeleteEmployee 2017-04-03 08:17:20,736 com.hrm.base.BaseTest.publishReport(BaseTest.java:73) Publishing ExtentReport:./report/03_04_2017_08_16_42.html 
com.hrm.scripts.TestAddDeleteEmployee 2017-04-03 11:58:53,902 com.hrm.base.BaseTest.initFrameWork(BaseTest.java:56) Initializing ExtentReport 
com.hrm.scripts.TestAddDeleteEmployee 2017-04-03 11:58:54,105 com.hrm.base.BaseTest.initFrameWork(BaseTest.java:61) Initialize Global Variables 
com.hrm.scripts.TestAddDeleteEmployee 2017-04-03 11:58:54,123 com.hrm.base.BaseTest.initApplication(BaseTest.java:86) Opening Browser:chrome 
com.hrm.scripts.TestAddDeleteEmployee 2017-04-03 11:59:07,230 com.hrm.base.BaseTest.preCondition(BaseTest.java:108) Auto login 
com.hrm.scripts.TestAddDeleteEmployee 2017-04-03 11:59:09,530 com.hrm.base.BaseTest.preCondition(BaseTest.java:112) Started executing test:testAddDeleteEmp 
com.hrm.scripts.TestAddDeleteEmployee 2017-04-03 11:59:14,841 com.hrm.base.BaseTest.postCondition(BaseTest.java:122) Test is FAILED 
com.hrm.scripts.TestAddDeleteEmployee 2017-04-03 11:59:14,841 com.hrm.base.BaseTest.postCondition(BaseTest.java:130) Auto logout 
com.hrm.scripts.TestAddDeleteEmployee 2017-04-03 11:59:15,320 com.hrm.base.BaseTest.closeApplication(BaseTest.java:99) Closing Browser 
com.hrm.scripts.TestAddDeleteEmployee 2017-04-03 11:59:16,824 com.hrm.base.BaseTest.publishReport(BaseTest.java:73) Publishing ExtentReport:./report/03_04_2017_11_58_53.html 
com.hrm.scripts.TestAddDeleteEmployee 2017-04-03 12:01:08,856 com.hrm.base.BaseTest.initFrameWork(BaseTest.java:56) Initializing ExtentReport 
com.hrm.scripts.TestAddDeleteEmployee 2017-04-03 12:01:09,074 com.hrm.base.BaseTest.initFrameWork(BaseTest.java:61) Initialize Global Variables 
com.hrm.scripts.TestAddDeleteEmployee 2017-04-03 12:01:09,085 com.hrm.base.BaseTest.initApplication(BaseTest.java:86) Opening Browser:chrome 
com.hrm.scripts.TestAddDeleteEmployee 2017-04-03 12:01:20,567 com.hrm.base.BaseTest.preCondition(BaseTest.java:108) Auto login 
com.hrm.scripts.TestAddDeleteEmployee 2017-04-03 12:01:22,762 com.hrm.base.BaseTest.preCondition(BaseTest.java:112) Started executing test:testAddDeleteEmp 
com.hrm.scripts.TestAddDeleteEmployee 2017-04-03 12:01:27,416 com.hrm.base.BaseTest.postCondition(BaseTest.java:122) Test is FAILED 
com.hrm.scripts.TestAddDeleteEmployee 2017-04-03 12:01:27,416 com.hrm.base.BaseTest.postCondition(BaseTest.java:130) Auto logout 
com.hrm.scripts.TestAddDeleteEmployee 2017-04-03 12:01:27,897 com.hrm.base.BaseTest.closeApplication(BaseTest.java:99) Closing Browser 
com.hrm.scripts.TestAddDeleteEmployee 2017-04-03 12:01:29,137 com.hrm.base.BaseTest.publishReport(BaseTest.java:73) Publishing ExtentReport:./report/03_04_2017_12_01_08.html 
com.hrm.scripts.TestAddDeleteEmployee 2017-04-03 12:19:46,475 com.hrm.base.BaseTest.initFrameWork(BaseTest.java:56) Initializing ExtentReport 
com.hrm.scripts.TestAddDeleteEmployee 2017-04-03 12:19:46,693 com.hrm.base.BaseTest.initFrameWork(BaseTest.java:61) Initialize Global Variables 
com.hrm.scripts.TestAddDeleteEmployee 2017-04-03 12:19:46,700 com.hrm.base.BaseTest.initApplication(BaseTest.java:86) Opening Browser:chrome 
com.hrm.scripts.TestAddDeleteEmployee 2017-04-03 12:19:58,567 com.hrm.base.BaseTest.preCondition(BaseTest.java:108) Auto login 
com.hrm.scripts.TestAddDeleteEmployee 2017-04-03 12:20:01,145 com.hrm.base.BaseTest.preCondition(BaseTest.java:112) Started executing test:testAddDeleteEmp 
com.hrm.pages.EmpInfoPage 2017-04-03 12:20:26,413 com.hrm.base.BasePage.checkElementIsNotPresent(BasePage.java:60) PASS: Element is Not present 
com.hrm.pages.EmpInfoPage 2017-04-03 12:20:26,413 com.hrm.pages.EmpInfoPage.checkEmpIsDeleted(EmpInfoPage.java:69) PASS: Emp: 0028 is deleted 
com.hrm.scripts.TestAddDeleteEmployee 2017-04-03 12:20:26,421 com.hrm.base.BaseTest.postCondition(BaseTest.java:127) Test is PASSED 
com.hrm.scripts.TestAddDeleteEmployee 2017-04-03 12:20:26,421 com.hrm.base.BaseTest.postCondition(BaseTest.java:130) Auto logout 
com.hrm.scripts.TestAddDeleteEmployee 2017-04-03 12:20:26,896 com.hrm.base.BaseTest.closeApplication(BaseTest.java:99) Closing Browser 
com.hrm.scripts.TestAddDeleteEmployee 2017-04-03 12:20:28,003 com.hrm.base.BaseTest.publishReport(BaseTest.java:73) Publishing ExtentReport:./report/03_04_2017_12_19_46.html 
com.hrm.scripts.TestAddDeleteEmployee 2017-04-03 17:06:14,280 com.hrm.base.BaseTest.initFrameWork(BaseTest.java:56) Initializing ExtentReport 
com.hrm.scripts.TestAddDeleteEmployee 2017-04-03 17:06:14,530 com.hrm.base.BaseTest.initFrameWork(BaseTest.java:61) Initialize Global Variables 
com.hrm.scripts.TestAddDeleteEmployee 2017-04-03 17:06:14,561 com.hrm.base.BaseTest.initApplication(BaseTest.java:86) Opening Browser:chrome 
com.hrm.scripts.TestAddDeleteEmployee 2017-04-03 17:06:37,006 com.hrm.base.BaseTest.preCondition(BaseTest.java:108) Auto login 
com.hrm.scripts.TestAddDeleteEmployee 2017-04-03 17:06:45,001 com.hrm.base.BaseTest.preCondition(BaseTest.java:112) Started executing test:testAddDeleteEmp 
com.hrm.pages.EmpInfoPage 2017-04-03 17:07:16,691 com.hrm.base.BasePage.checkElementIsNotPresent(BasePage.java:60) PASS: Element is Not present 
com.hrm.pages.EmpInfoPage 2017-04-03 17:07:16,691 com.hrm.pages.EmpInfoPage.checkEmpIsDeleted(EmpInfoPage.java:69) PASS: Emp: 0029 is deleted 
com.hrm.scripts.TestAddDeleteEmployee 2017-04-03 17:07:16,707 com.hrm.base.BaseTest.postCondition(BaseTest.java:127) Test is PASSED 
com.hrm.scripts.TestAddDeleteEmployee 2017-04-03 17:07:16,707 com.hrm.base.BaseTest.postCondition(BaseTest.java:130) Auto logout 
com.hrm.scripts.TestAddDeleteEmployee 2017-04-03 17:07:17,230 com.hrm.base.BaseTest.closeApplication(BaseTest.java:99) Closing Browser 
com.hrm.scripts.TestAddDeleteEmployee 2017-04-03 17:07:18,438 com.hrm.base.BaseTest.publishReport(BaseTest.java:73) Publishing ExtentReport:./report/03_04_2017_05_06_14.html 
com.hrm.scripts.TestAddDeleteEmployee 2017-04-03 17:44:36,773 com.hrm.base.BaseTest.initFrameWork(BaseTest.java:56) Initializing ExtentReport 
com.hrm.scripts.TestAddDeleteEmployee 2017-04-03 17:44:36,991 com.hrm.base.BaseTest.initFrameWork(BaseTest.java:61) Initialize Global Variables 
com.hrm.scripts.TestAddDeleteEmployee 2017-04-03 17:44:37,007 com.hrm.base.BaseTest.initApplication(BaseTest.java:86) Opening Browser:chrome 
com.hrm.scripts.TestAddDeleteEmployee 2017-04-03 17:44:47,596 com.hrm.base.BaseTest.preCondition(BaseTest.java:108) Auto login 
com.hrm.scripts.TestAddDeleteEmployee 2017-04-03 17:44:49,330 com.hrm.base.BaseTest.preCondition(BaseTest.java:112) Started executing test:testAddDeleteEmp 
com.hrm.pages.EmpInfoPage 2017-04-03 17:45:14,131 com.hrm.base.BasePage.checkElementIsNotPresent(BasePage.java:60) PASS: Element is Not present 
com.hrm.pages.EmpInfoPage 2017-04-03 17:45:14,131 com.hrm.pages.EmpInfoPage.checkEmpIsDeleted(EmpInfoPage.java:58) PASS: Emp: 0030 is deleted 
com.hrm.scripts.TestAddDeleteEmployee 2017-04-03 17:45:14,136 com.hrm.base.BaseTest.postCondition(BaseTest.java:127) Test is PASSED 
com.hrm.scripts.TestAddDeleteEmployee 2017-04-03 17:45:14,136 com.hrm.base.BaseTest.postCondition(BaseTest.java:130) Auto logout 
com.hrm.scripts.TestAddDeleteEmployee 2017-04-03 17:45:14,623 com.hrm.base.BaseTest.closeApplication(BaseTest.java:99) Closing Browser 
com.hrm.scripts.TestAddDeleteEmployee 2017-04-03 17:45:15,678 com.hrm.base.BaseTest.publishReport(BaseTest.java:73) Publishing ExtentReport:./report/03_04_2017_05_44_36.html 
com.hrm.scripts.LoginLogoutTest 2017-04-08 07:21:11,092 com.hrm.base.BaseTest.initFrameWork(BaseTest.java:56) Initializing ExtentReport 
com.hrm.scripts.LoginLogoutTest 2017-04-08 07:21:11,358 com.hrm.base.BaseTest.initFrameWork(BaseTest.java:61) Initialize Global Variables 
com.hrm.scripts.LoginLogoutTest 2017-04-08 07:21:11,389 com.hrm.base.BaseTest.initApplication(BaseTest.java:86) Opening Browser:chrome 
com.hrm.scripts.LoginLogoutTest 2017-04-08 07:22:03,500 com.hrm.base.BaseTest.preCondition(BaseTest.java:112) Started executing test:testAutoLoginLogout1 
com.hrm.scripts.LoginLogoutTest 2017-04-08 07:22:03,571 com.hrm.scripts.LoginLogoutTest.testAutoLoginLogout1(LoginLogoutTest.java:19) This script will automatically login and logout1 
com.hrm.scripts.LoginLogoutTest 2017-04-08 07:22:03,571 com.hrm.base.BaseTest.postCondition(BaseTest.java:127) Test is PASSED 
com.hrm.scripts.LoginLogoutTest 2017-04-08 07:22:03,587 com.hrm.base.BaseTest.closeApplication(BaseTest.java:99) Closing Browser 
com.hrm.scripts.LoginLogoutTest 2017-04-08 07:22:05,404 com.hrm.base.BaseTest.publishReport(BaseTest.java:73) Publishing ExtentReport:./report/08_04_2017_07_21_11.html 
com.hrm.scripts.TestAddJob 2017-04-08 09:15:01,410 com.hrm.base.BaseTest.initFrameWork(BaseTest.java:56) Initializing ExtentReport 
com.hrm.scripts.TestAddJob 2017-04-08 09:15:02,270 com.hrm.base.BaseTest.initFrameWork(BaseTest.java:61) Initialize Global Variables 
com.hrm.scripts.TestAddJob 2017-04-08 09:15:02,301 com.hrm.base.BaseTest.initApplication(BaseTest.java:86) Opening Browser:chrome 
com.hrm.scripts.TestAddJob 2017-04-08 09:15:17,181 com.hrm.base.BaseTest.preCondition(BaseTest.java:108) Auto login 
com.hrm.scripts.TestAddJob 2017-04-08 09:15:20,097 com.hrm.base.BaseTest.preCondition(BaseTest.java:112) Started executing test:addJob 
com.hrm.pages.JobTitlesPage 2017-04-08 09:15:23,432 com.hrm.base.BasePage.checkElementIsPresent(BasePage.java:42) PASS:Element is present 
com.hrm.scripts.TestAddJob 2017-04-08 09:15:23,447 com.hrm.base.BaseTest.postCondition(BaseTest.java:127) Test is PASSED 
com.hrm.scripts.TestAddJob 2017-04-08 09:15:23,448 com.hrm.base.BaseTest.postCondition(BaseTest.java:130) Auto logout 
com.hrm.scripts.TestAddJob 2017-04-08 09:15:24,083 com.hrm.base.BaseTest.closeApplication(BaseTest.java:99) Closing Browser 
com.hrm.scripts.TestAddJob 2017-04-08 09:15:25,641 com.hrm.base.BaseTest.publishReport(BaseTest.java:73) Publishing ExtentReport:./report/08_04_2017_09_15_01.html 
com.hrm.scripts.TestUserRoleLB 2017-04-08 09:44:10,495 com.hrm.base.BaseTest.initFrameWork(BaseTest.java:56) Initializing ExtentReport 
com.hrm.scripts.TestUserRoleLB 2017-04-08 09:44:10,729 com.hrm.base.BaseTest.initFrameWork(BaseTest.java:61) Initialize Global Variables 
com.hrm.scripts.TestUserRoleLB 2017-04-08 09:44:10,745 com.hrm.base.BaseTest.initApplication(BaseTest.java:86) Opening Browser:chrome 
com.hrm.scripts.TestUserRoleLB 2017-04-08 09:44:21,048 com.hrm.base.BaseTest.preCondition(BaseTest.java:108) Auto login 
com.hrm.scripts.TestUserRoleLB 2017-04-08 09:44:23,435 com.hrm.base.BaseTest.preCondition(BaseTest.java:112) Started executing test:verifyLB 
com.hrm.pages.UsersPage 2017-04-08 09:44:24,833 com.hrm.base.BasePage.checkListBoxIsSorted(BasePage.java:29) PASS:ListBox is Sorted 
com.hrm.scripts.TestUserRoleLB 2017-04-08 09:44:24,834 com.hrm.base.BaseTest.postCondition(BaseTest.java:127) Test is PASSED 
com.hrm.scripts.TestUserRoleLB 2017-04-08 09:44:24,834 com.hrm.base.BaseTest.postCondition(BaseTest.java:130) Auto logout 
com.hrm.scripts.TestUserRoleLB 2017-04-08 09:44:25,335 com.hrm.base.BaseTest.closeApplication(BaseTest.java:99) Closing Browser 
com.hrm.scripts.TestUserRoleLB 2017-04-08 09:44:26,489 com.hrm.base.BaseTest.publishReport(BaseTest.java:73) Publishing ExtentReport:./report/08_04_2017_09_44_10.html 
com.hrm.scripts.TestHideOptions 2017-04-08 11:19:25,016 com.hrm.base.BaseTest.initFrameWork(BaseTest.java:56) Initializing ExtentReport 
com.hrm.scripts.TestHideOptions 2017-04-08 11:19:25,234 com.hrm.base.BaseTest.initFrameWork(BaseTest.java:61) Initialize Global Variables 
com.hrm.scripts.TestHideOptions 2017-04-08 11:19:25,248 com.hrm.base.BaseTest.initApplication(BaseTest.java:86) Opening Browser:chrome 
com.hrm.scripts.TestHideOptions 2017-04-08 11:19:36,111 com.hrm.base.BaseTest.preCondition(BaseTest.java:108) Auto login 
com.hrm.scripts.TestHideOptions 2017-04-08 11:19:38,739 com.hrm.base.BaseTest.preCondition(BaseTest.java:112) Started executing test:testHideOptions 
com.hrm.scripts.TestHideOptions 2017-04-08 11:20:00,889 com.hrm.base.BaseTest.postCondition(BaseTest.java:122) Test is FAILED 
com.hrm.scripts.TestHideOptions 2017-04-08 11:20:00,889 com.hrm.base.BaseTest.postCondition(BaseTest.java:130) Auto logout 
com.hrm.scripts.TestHideOptions 2017-04-08 11:20:01,453 com.hrm.base.BaseTest.closeApplication(BaseTest.java:99) Closing Browser 
com.hrm.scripts.TestHideOptions 2017-04-08 11:20:02,979 com.hrm.base.BaseTest.publishReport(BaseTest.java:73) Publishing ExtentReport:./report/08_04_2017_11_19_25.html 
com.hrm.scripts.TestHideOptions 2017-04-08 11:21:47,809 com.hrm.base.BaseTest.initFrameWork(BaseTest.java:56) Initializing ExtentReport 
com.hrm.scripts.TestHideOptions 2017-04-08 11:21:48,121 com.hrm.base.BaseTest.initFrameWork(BaseTest.java:61) Initialize Global Variables 
com.hrm.scripts.TestHideOptions 2017-04-08 11:21:48,129 com.hrm.base.BaseTest.initApplication(BaseTest.java:86) Opening Browser:chrome 
com.hrm.scripts.TestHideOptions 2017-04-08 11:21:58,793 com.hrm.base.BaseTest.preCondition(BaseTest.java:108) Auto login 
com.hrm.scripts.TestHideOptions 2017-04-08 11:22:01,676 com.hrm.base.BaseTest.preCondition(BaseTest.java:112) Started executing test:testHideOptions 
com.hrm.pages.LeaveListPage 2017-04-08 11:22:02,827 com.hrm.pages.LeaveListPage.checkToolTipHideOptions(LeaveListPage.java:33) Hide Options tooltip is not displayed 
com.hrm.scripts.TestHideOptions 2017-04-08 11:22:02,831 com.hrm.base.BaseTest.postCondition(BaseTest.java:127) Test is PASSED 
com.hrm.scripts.TestHideOptions 2017-04-08 11:22:02,831 com.hrm.base.BaseTest.postCondition(BaseTest.java:130) Auto logout 
com.hrm.scripts.TestHideOptions 2017-04-08 11:22:03,515 com.hrm.base.BaseTest.closeApplication(BaseTest.java:99) Closing Browser 
com.hrm.scripts.TestHideOptions 2017-04-08 11:22:04,819 com.hrm.base.BaseTest.publishReport(BaseTest.java:73) Publishing ExtentReport:./report/08_04_2017_11_21_47.html 
com.hrm.scripts.TestHideOptions 2017-04-08 11:24:34,599 com.hrm.base.BaseTest.initFrameWork(BaseTest.java:56) Initializing ExtentReport 
com.hrm.scripts.TestHideOptions 2017-04-08 11:24:34,818 com.hrm.base.BaseTest.initFrameWork(BaseTest.java:61) Initialize Global Variables 
com.hrm.scripts.TestHideOptions 2017-04-08 11:24:34,834 com.hrm.base.BaseTest.initApplication(BaseTest.java:86) Opening Browser:chrome 
com.hrm.scripts.TestHideOptions 2017-04-08 11:24:45,066 com.hrm.base.BaseTest.preCondition(BaseTest.java:108) Auto login 
com.hrm.scripts.TestHideOptions 2017-04-08 11:24:47,020 com.hrm.base.BaseTest.preCondition(BaseTest.java:112) Started executing test:testHideOptions 
com.hrm.pages.LeaveListPage 2017-04-08 11:24:48,419 com.hrm.pages.LeaveListPage.checkToolTipHideOptions(LeaveListPage.java:30)  
com.hrm.pages.LeaveListPage 2017-04-08 11:24:48,419 com.hrm.pages.LeaveListPage.checkToolTipHideOptions(LeaveListPage.java:34) Hide Options tooltip is not displayed 
com.hrm.scripts.TestHideOptions 2017-04-08 11:24:48,424 com.hrm.base.BaseTest.postCondition(BaseTest.java:127) Test is PASSED 
com.hrm.scripts.TestHideOptions 2017-04-08 11:24:48,424 com.hrm.base.BaseTest.postCondition(BaseTest.java:130) Auto logout 
com.hrm.scripts.TestHideOptions 2017-04-08 11:24:49,144 com.hrm.base.BaseTest.closeApplication(BaseTest.java:99) Closing Browser 
com.hrm.scripts.TestHideOptions 2017-04-08 11:24:50,481 com.hrm.base.BaseTest.publishReport(BaseTest.java:73) Publishing ExtentReport:./report/08_04_2017_11_24_34.html 
com.hrm.scripts.TestAddJob 2017-04-08 17:55:11,599 com.hrm.base.BaseTest.initFrameWork(BaseTest.java:56) Initializing ExtentReport 
com.hrm.scripts.TestAddJob 2017-04-08 17:55:11,833 com.hrm.base.BaseTest.initFrameWork(BaseTest.java:61) Initialize Global Variables 
com.hrm.scripts.TestAddJob 2017-04-08 17:55:11,849 com.hrm.base.BaseTest.initApplication(BaseTest.java:86) Opening Browser:chrome 
com.hrm.scripts.TestAddJob 2017-04-08 17:55:21,947 com.hrm.base.BaseTest.preCondition(BaseTest.java:108) Auto login 
com.hrm.scripts.TestAddJob 2017-04-08 17:55:23,757 com.hrm.base.BaseTest.preCondition(BaseTest.java:112) Started executing test:addJob 
com.hrm.scripts.TestAddJob 2017-04-08 17:55:39,471 com.hrm.base.BaseTest.postCondition(BaseTest.java:122) Test is FAILED 
com.hrm.scripts.TestAddJob 2017-04-08 17:55:39,471 com.hrm.base.BaseTest.postCondition(BaseTest.java:130) Auto logout 
com.hrm.scripts.TestAddJob 2017-04-08 17:56:23,004 com.hrm.base.BaseTest.initFrameWork(BaseTest.java:56) Initializing ExtentReport 
com.hrm.scripts.TestAddJob 2017-04-08 17:56:23,254 com.hrm.base.BaseTest.initFrameWork(BaseTest.java:61) Initialize Global Variables 
com.hrm.scripts.TestAddJob 2017-04-08 17:56:23,262 com.hrm.base.BaseTest.initApplication(BaseTest.java:86) Opening Browser:chrome 
com.hrm.scripts.TestAddJob 2017-04-08 17:56:34,371 com.hrm.base.BaseTest.preCondition(BaseTest.java:108) Auto login 
com.hrm.scripts.TestAddJob 2017-04-08 17:56:36,414 com.hrm.base.BaseTest.preCondition(BaseTest.java:112) Started executing test:addJob 
com.hrm.pages.JobTitlesPage 2017-04-08 17:56:40,272 com.hrm.base.BasePage.checkElementIsPresent(BasePage.java:42) PASS:Element is present 
com.hrm.scripts.TestAddJob 2017-04-08 17:56:40,279 com.hrm.base.BaseTest.postCondition(BaseTest.java:127) Test is PASSED 
com.hrm.scripts.TestAddJob 2017-04-08 17:56:40,279 com.hrm.base.BaseTest.postCondition(BaseTest.java:130) Auto logout 
com.hrm.scripts.TestAddJob 2017-04-08 17:56:40,751 com.hrm.base.BaseTest.closeApplication(BaseTest.java:99) Closing Browser 
com.hrm.scripts.TestAddJob 2017-04-08 17:56:42,040 com.hrm.base.BaseTest.publishReport(BaseTest.java:73) Publishing ExtentReport:./report/08_04_2017_05_56_23.html 
com.hrm.scripts.TestAddDeleteEmployee 2017-06-14 14:25:29,614 com.hrm.base.BaseTest.initFrameWork(BaseTest.java:56) Initializing ExtentReport 
com.hrm.scripts.TestAddDeleteEmployee 2017-06-14 14:25:29,777 com.hrm.base.BaseTest.initFrameWork(BaseTest.java:61) Initialize Global Variables 
com.hrm.scripts.TestAddDeleteEmployee 2017-06-14 14:25:29,784 com.hrm.base.BaseTest.initApplication(BaseTest.java:86) Opening Browser:chrome 
com.hrm.scripts.TestAddDeleteEmployee 2017-06-14 14:25:41,725 com.hrm.base.BaseTest.preCondition(BaseTest.java:108) Auto login 
com.hrm.scripts.TestAddDeleteEmployee 2017-06-14 14:25:45,791 com.hrm.base.BaseTest.preCondition(BaseTest.java:112) Started executing test:testAddDeleteEmp 
com.hrm.pages.EmpInfoPage 2017-06-14 14:26:12,702 com.hrm.base.BasePage.checkElementIsNotPresent(BasePage.java:60) PASS: Element is Not present 
com.hrm.pages.EmpInfoPage 2017-06-14 14:26:12,702 com.hrm.pages.EmpInfoPage.checkEmpIsDeleted(EmpInfoPage.java:60) PASS: Emp: 0063 is deleted 
com.hrm.scripts.TestAddDeleteEmployee 2017-06-14 14:26:12,703 com.hrm.base.BaseTest.postCondition(BaseTest.java:127) Test is PASSED 
com.hrm.scripts.TestAddDeleteEmployee 2017-06-14 14:26:12,704 com.hrm.base.BaseTest.postCondition(BaseTest.java:130) Auto logout 
com.hrm.scripts.TestAddDeleteEmployee 2017-06-14 14:26:13,647 com.hrm.base.BaseTest.closeApplication(BaseTest.java:99) Closing Browser 
com.hrm.scripts.TestAddDeleteEmployee 2017-06-14 14:26:14,531 com.hrm.base.BaseTest.publishReport(BaseTest.java:73) Publishing ExtentReport:./report/14_06_2017_02_25_29.html 
com.hrm.scripts.TestHideOptions 2019-02-10 18:35:07,269 com.hrm.base.BaseTest.initFrameWork(BaseTest.java:57) Initializing ExtentReport 
com.hrm.scripts.TestHideOptions 2019-02-10 18:35:07,545 com.hrm.base.BaseTest.initFrameWork(BaseTest.java:62) Initialize Global Variables 
com.hrm.scripts.LoginLogoutTest 2019-02-10 18:35:07,583 com.hrm.base.BaseTest.initApplication(BaseTest.java:87) Opening Browser:chrome 
com.hrm.scripts.LoginLogoutTest 2019-02-10 18:35:33,092 com.hrm.base.BaseTest.preCondition(BaseTest.java:113) Started executing test:testAutoLoginLogout1 
com.hrm.scripts.LoginLogoutTest 2019-02-10 18:35:33,097 com.hrm.scripts.LoginLogoutTest.testAutoLoginLogout1(LoginLogoutTest.java:19) This script will automatically login and logout1 
com.hrm.scripts.LoginLogoutTest 2019-02-10 18:35:33,101 com.hrm.base.BaseTest.postCondition(BaseTest.java:128) Test is PASSED 
com.hrm.scripts.LoginLogoutTest 2019-02-10 18:35:33,108 com.hrm.base.BaseTest.closeApplication(BaseTest.java:100) Closing Browser 
com.hrm.scripts.TestSearchButton 2019-02-10 18:35:34,042 com.hrm.base.BaseTest.initApplication(BaseTest.java:87) Opening Browser:chrome 
com.hrm.scripts.TestSearchButton 2019-02-10 18:35:51,439 com.hrm.base.BaseTest.preCondition(BaseTest.java:109) Auto login 
com.hrm.scripts.TestHideOptions 2019-02-10 18:36:11,659 com.hrm.base.BaseTest.publishReport(BaseTest.java:74) Publishing ExtentReport:./report/10_02_2019_06_35_07.html 
com.hrm.scripts.TestHideOptions 2019-02-10 18:40:04,035 com.hrm.base.BaseTest.initFrameWork(BaseTest.java:57) Initializing ExtentReport 
com.hrm.scripts.TestHideOptions 2019-02-10 18:40:04,254 com.hrm.base.BaseTest.initFrameWork(BaseTest.java:62) Initialize Global Variables 
com.hrm.scripts.LoginLogoutTest 2019-02-10 18:40:04,294 com.hrm.base.BaseTest.initApplication(BaseTest.java:87) Opening Browser:chrome 
com.hrm.scripts.LoginLogoutTest 2019-02-10 18:40:18,975 com.hrm.base.BaseTest.preCondition(BaseTest.java:113) Started executing test:testAutoLoginLogout1 
com.hrm.scripts.LoginLogoutTest 2019-02-10 18:40:18,977 com.hrm.scripts.LoginLogoutTest.testAutoLoginLogout1(LoginLogoutTest.java:19) This script will automatically login and logout1 
com.hrm.scripts.LoginLogoutTest 2019-02-10 18:40:18,980 com.hrm.base.BaseTest.postCondition(BaseTest.java:128) Test is PASSED 
com.hrm.scripts.LoginLogoutTest 2019-02-10 18:40:18,983 com.hrm.base.BaseTest.closeApplication(BaseTest.java:100) Closing Browser 
com.hrm.scripts.TestSearchButton 2019-02-10 18:40:19,719 com.hrm.base.BaseTest.initApplication(BaseTest.java:87) Opening Browser:chrome 
com.hrm.scripts.TestSearchButton 2019-02-10 18:40:32,535 com.hrm.base.BaseTest.preCondition(BaseTest.java:109) Auto login 
com.hrm.scripts.TestSearchButton 2019-02-10 18:40:35,175 com.hrm.base.BaseTest.preCondition(BaseTest.java:113) Started executing test:testSearchButton 
com.hrm.scripts.TestSearchButton 2019-02-10 18:40:56,280 com.hrm.base.BaseTest.postCondition(BaseTest.java:123) Test is FAILED 
com.hrm.scripts.TestSearchButton 2019-02-10 18:40:56,280 com.hrm.base.BaseTest.postCondition(BaseTest.java:131) Auto logout 
com.hrm.scripts.TestHideOptions 2019-02-10 18:41:16,317 com.hrm.base.BaseTest.publishReport(BaseTest.java:74) Publishing ExtentReport:./report/10_02_2019_06_40_04.html 
com.hrm.scripts.TestHideOptions 2019-02-10 18:42:49,441 com.hrm.base.BaseTest.initFrameWork(BaseTest.java:57) Initializing ExtentReport 
com.hrm.scripts.TestHideOptions 2019-02-10 18:42:49,665 com.hrm.base.BaseTest.initFrameWork(BaseTest.java:62) Initialize Global Variables 
com.hrm.scripts.LoginLogoutTest 2019-02-10 18:42:49,704 com.hrm.base.BaseTest.initApplication(BaseTest.java:87) Opening Browser:chrome 
com.hrm.scripts.LoginLogoutTest 2019-02-10 18:43:04,449 com.hrm.base.BaseTest.preCondition(BaseTest.java:113) Started executing test:testAutoLoginLogout1 
com.hrm.scripts.LoginLogoutTest 2019-02-10 18:43:04,452 com.hrm.scripts.LoginLogoutTest.testAutoLoginLogout1(LoginLogoutTest.java:19) This script will automatically login and logout1 
com.hrm.scripts.LoginLogoutTest 2019-02-10 18:43:04,456 com.hrm.base.BaseTest.postCondition(BaseTest.java:128) Test is PASSED 
com.hrm.scripts.LoginLogoutTest 2019-02-10 18:43:04,462 com.hrm.base.BaseTest.closeApplication(BaseTest.java:100) Closing Browser 
com.hrm.scripts.TestSearchButton 2019-02-10 18:43:05,203 com.hrm.base.BaseTest.initApplication(BaseTest.java:87) Opening Browser:chrome 
com.hrm.scripts.TestSearchButton 2019-02-10 18:43:18,341 com.hrm.base.BaseTest.preCondition(BaseTest.java:109) Auto login 
com.hrm.scripts.TestSearchButton 2019-02-10 18:43:26,145 com.hrm.base.BaseTest.preCondition(BaseTest.java:113) Started executing test:testSearchButton 
com.hrm.pages.EmpInfoPage 2019-02-10 18:43:28,512 com.hrm.base.BasePage.checkElementIsPresent(BasePage.java:42) PASS:Element is present 
com.hrm.scripts.TestSearchButton 2019-02-10 18:43:28,514 com.hrm.base.BaseTest.postCondition(BaseTest.java:128) Test is PASSED 
com.hrm.scripts.TestSearchButton 2019-02-10 18:43:28,514 com.hrm.base.BaseTest.postCondition(BaseTest.java:131) Auto logout 
com.hrm.scripts.TestSearchButton 2019-02-10 18:43:29,676 com.hrm.base.BaseTest.closeApplication(BaseTest.java:100) Closing Browser 
com.hrm.scripts.TestHideOptions 2019-02-10 18:43:30,470 com.hrm.base.BaseTest.publishReport(BaseTest.java:74) Publishing ExtentReport:./report/10_02_2019_06_42_49.html 
